2012-12-24 10:08:46,293 - [INFO] - from play in main 
Listening for HTTP on port 9000...

2012-12-24 10:27:19,574 - [INFO] - from application in play-akka.actor.default-dispatcher-2 
Application has started

2012-12-24 10:27:19,868 - [INFO] - from play in play-akka.actor.default-dispatcher-2 
Application started (Dev)

2012-12-24 10:29:29,068 - [INFO] - from application in play-akka.actor.default-dispatcher-9 
Application shutdown...

2012-12-24 10:29:29,089 - [INFO] - from application in play-akka.actor.default-dispatcher-9 
Application has started

2012-12-24 10:29:29,176 - [INFO] - from play in play-akka.actor.default-dispatcher-9 
Application started (Dev)

2012-12-24 10:44:42,786 - [INFO] - from application in play-akka.actor.default-dispatcher-10 
Application shutdown...

2012-12-24 10:44:42,806 - [INFO] - from application in play-akka.actor.default-dispatcher-10 
Application has started

2012-12-24 10:44:42,923 - [INFO] - from play in play-akka.actor.default-dispatcher-10 
Application started (Dev)

2012-12-24 10:51:52,977 - [INFO] - from application in play-akka.actor.default-dispatcher-15 
Application shutdown...

2012-12-24 10:51:52,997 - [INFO] - from application in play-akka.actor.default-dispatcher-15 
Application has started

2012-12-24 10:51:52,997 - [INFO] - from play in play-akka.actor.default-dispatcher-15 
Application started (Dev)

2012-12-24 10:52:13,603 - [INFO] - from application in play-akka.actor.default-dispatcher-20 
Application shutdown...

2012-12-24 10:52:13,616 - [INFO] - from application in play-akka.actor.default-dispatcher-20 
Application has started

2012-12-24 10:52:13,616 - [INFO] - from play in play-akka.actor.default-dispatcher-20 
Application started (Dev)

2012-12-24 10:52:51,848 - [INFO] - from application in play-akka.actor.default-dispatcher-20 
Application shutdown...

2012-12-24 10:52:51,860 - [INFO] - from application in play-akka.actor.default-dispatcher-20 
Application has started

2012-12-24 10:52:51,860 - [INFO] - from play in play-akka.actor.default-dispatcher-20 
Application started (Dev)

2012-12-24 10:53:47,267 - [INFO] - from application in play-akka.actor.default-dispatcher-23 
Application shutdown...

2012-12-24 10:53:47,283 - [INFO] - from application in play-akka.actor.default-dispatcher-23 
Application has started

2012-12-24 10:53:47,284 - [INFO] - from play in play-akka.actor.default-dispatcher-23 
Application started (Dev)

2012-12-24 10:53:58,275 - [INFO] - from application in play-akka.actor.default-dispatcher-25 
Application shutdown...

2012-12-24 10:53:58,285 - [INFO] - from application in play-akka.actor.default-dispatcher-25 
Application has started

2012-12-24 10:53:58,285 - [INFO] - from play in play-akka.actor.default-dispatcher-25 
Application started (Dev)

2012-12-24 11:01:31,960 - [INFO] - from application in play-akka.actor.default-dispatcher-28 
Application shutdown...

2012-12-24 11:01:31,975 - [INFO] - from application in play-akka.actor.default-dispatcher-28 
Application has started

2012-12-24 11:01:31,975 - [INFO] - from play in play-akka.actor.default-dispatcher-28 
Application started (Dev)

2012-12-24 11:01:44,340 - [INFO] - from application in play-akka.actor.default-dispatcher-28 
Application shutdown...

2012-12-24 11:01:44,348 - [INFO] - from application in play-akka.actor.default-dispatcher-28 
Application has started

2012-12-24 11:01:44,348 - [INFO] - from play in play-akka.actor.default-dispatcher-28 
Application started (Dev)

2012-12-24 11:04:12,531 - [INFO] - from application in play-akka.actor.default-dispatcher-30 
Application shutdown...

2012-12-24 11:04:12,539 - [INFO] - from application in play-akka.actor.default-dispatcher-30 
Application has started

2012-12-24 11:04:12,539 - [INFO] - from play in play-akka.actor.default-dispatcher-30 
Application started (Dev)

2012-12-24 11:05:28,023 - [INFO] - from application in play-akka.actor.default-dispatcher-32 
Application shutdown...

2012-12-24 11:05:28,031 - [INFO] - from application in play-akka.actor.default-dispatcher-32 
Application has started

2012-12-24 11:05:28,031 - [INFO] - from play in play-akka.actor.default-dispatcher-32 
Application started (Dev)

2012-12-24 11:05:47,360 - [INFO] - from application in play-akka.actor.default-dispatcher-40 
Application shutdown...

2012-12-24 11:05:47,369 - [INFO] - from application in play-akka.actor.default-dispatcher-40 
Application has started

2012-12-24 11:05:47,370 - [INFO] - from play in play-akka.actor.default-dispatcher-40 
Application started (Dev)

2012-12-24 11:06:03,419 - [INFO] - from application in play-akka.actor.default-dispatcher-41 
Application shutdown...

2012-12-24 11:06:03,427 - [INFO] - from application in play-akka.actor.default-dispatcher-41 
Application has started

2012-12-24 11:06:03,427 - [INFO] - from play in play-akka.actor.default-dispatcher-41 
Application started (Dev)

2012-12-24 11:07:12,113 - [INFO] - from application in play-akka.actor.default-dispatcher-43 
Application shutdown...

2012-12-24 11:07:12,122 - [INFO] - from application in play-akka.actor.default-dispatcher-43 
Application has started

2012-12-24 11:07:12,123 - [INFO] - from play in play-akka.actor.default-dispatcher-43 
Application started (Dev)

2012-12-24 11:07:21,469 - [INFO] - from application in play-akka.actor.default-dispatcher-43 
Application shutdown...

2012-12-24 11:07:21,480 - [INFO] - from application in play-akka.actor.default-dispatcher-43 
Application has started

2012-12-24 11:07:21,480 - [INFO] - from play in play-akka.actor.default-dispatcher-43 
Application started (Dev)

2012-12-24 11:09:21,236 - [INFO] - from application in play-akka.actor.default-dispatcher-47 
Application shutdown...

2012-12-24 11:09:21,248 - [INFO] - from application in play-akka.actor.default-dispatcher-47 
Application has started

2012-12-24 11:09:21,248 - [INFO] - from play in play-akka.actor.default-dispatcher-47 
Application started (Dev)

2012-12-24 11:18:59,270 - [INFO] - from application in play-akka.actor.default-dispatcher-48 
Application shutdown...

2012-12-24 11:18:59,282 - [INFO] - from application in play-akka.actor.default-dispatcher-48 
Application has started

2012-12-24 11:18:59,282 - [INFO] - from play in play-akka.actor.default-dispatcher-48 
Application started (Dev)

2012-12-24 11:21:12,221 - [INFO] - from application in play-akka.actor.default-dispatcher-56 
Application shutdown...

2012-12-24 11:21:12,232 - [INFO] - from application in play-akka.actor.default-dispatcher-56 
Application has started

2012-12-24 11:21:12,232 - [INFO] - from play in play-akka.actor.default-dispatcher-56 
Application started (Dev)

2012-12-24 11:24:22,989 - [INFO] - from application in play-akka.actor.default-dispatcher-68 
Application shutdown...

2012-12-24 11:24:23,005 - [INFO] - from application in play-akka.actor.default-dispatcher-68 
Application has started

2012-12-24 11:24:23,006 - [INFO] - from play in play-akka.actor.default-dispatcher-68 
Application started (Dev)

